2025-10-08 19:06:22 Loading main app package /usr/lib/obsidian/obsidian.asar
2025-10-08 19:06:22 Checking for update using Github
2025-10-08 19:06:22 Success.
2025-10-08 19:06:22 Latest version is 1.9.14
2025-10-08 19:06:22 App is up to date.
2025-10-08 20:06:22 Checking for update using Github
2025-10-08 20:06:22 Success.
2025-10-08 20:06:22 Latest version is 1.9.14
2025-10-08 20:06:22 App is up to date.
2025-11-01 10:10:13 Loading main app package /usr/lib/obsidian/obsidian.asar
2025-11-01 10:10:14 Checking for update using Github
2025-11-01 10:10:19 Success.
2025-11-01 10:10:19 Latest version is 1.9.14
2025-11-01 10:10:19 App is up to date.
2025-11-01 11:10:13 Checking for update using Github
2025-11-01 11:10:14 Success.
2025-11-01 11:10:14 Latest version is 1.9.14
2025-11-01 11:10:14 App is up to date.
2025-11-01 12:10:13 Checking for update using Github
2025-11-01 12:10:14 Success.
2025-11-01 12:10:14 Latest version is 1.9.14
2025-11-01 12:10:14 App is up to date.
2025-11-01 19:21:40 Checking for update using Github
2025-11-01 19:21:40 Success.
2025-11-01 19:21:40 Latest version is 1.9.14
2025-11-01 19:21:40 App is up to date.
2025-11-01 20:21:40 Checking for update using Github
2025-11-01 20:21:40 Success.
2025-11-01 20:21:40 Latest version is 1.9.14
2025-11-01 20:21:40 App is up to date.
2025-11-01 21:21:40 Checking for update using Github
2025-11-01 21:21:40 Success.
2025-11-01 21:21:40 Latest version is 1.9.14
2025-11-01 21:21:40 App is up to date.
2025-11-02 14:53:48 Checking for update using Github
2025-11-02 14:53:48 Success.
2025-11-02 14:53:48 Latest version is 1.9.14
2025-11-02 14:53:48 App is up to date.
2025-12-04 16:18:09 Loading main app package /usr/lib/obsidian/obsidian.asar
2025-12-04 16:18:10 Checking for update using Github
2025-12-04 16:18:10 Success.
2025-12-04 16:18:10 Latest version is 1.10.6
2025-12-04 16:18:10 App is up to date.
2025-12-04 17:18:09 Checking for update using Github
2025-12-04 17:18:09 Success.
2025-12-04 17:18:09 Latest version is 1.10.6
2025-12-04 17:18:09 App is up to date.
2025-12-04 18:18:09 Checking for update using Github
2025-12-04 18:18:09 Success.
2025-12-04 18:18:09 Latest version is 1.10.6
2025-12-04 18:18:09 App is up to date.
2025-12-06 08:09:05 Checking for update using Github
2025-12-06 08:09:05 Success.
2025-12-06 08:09:05 Latest version is 1.10.6
2025-12-06 08:09:05 App is up to date.
2025-12-06 09:22:59 Checking for update using Github
2025-12-06 09:22:59 Success.
2025-12-06 09:22:59 Latest version is 1.10.6
2025-12-06 09:22:59 App is up to date.
2025-12-06 10:22:59 Checking for update using Github
2025-12-06 10:22:59 Success.
2025-12-06 10:22:59 Latest version is 1.10.6
2025-12-06 10:22:59 App is up to date.
2025-12-06 11:22:59 Checking for update using Github
2025-12-06 11:22:59 Success.
2025-12-06 11:22:59 Latest version is 1.10.6
2025-12-06 11:22:59 App is up to date.
2025-12-06 12:22:59 Checking for update using Github
2025-12-06 12:22:59 Success.
2025-12-06 12:22:59 Latest version is 1.10.6
2025-12-06 12:22:59 App is up to date.
2025-12-06 13:22:59 Checking for update using Github
2025-12-06 13:22:59 Success.
2025-12-06 13:22:59 Latest version is 1.10.6
2025-12-06 13:22:59 App is up to date.
2025-12-06 14:22:59 Checking for update using Github
2025-12-06 14:22:59 Success.
2025-12-06 14:22:59 Latest version is 1.10.6
2025-12-06 14:22:59 App is up to date.
2026-01-02 18:53:00 Loading main app package /usr/lib/obsidian/obsidian.asar
2026-01-02 18:53:00 Checking for update using Github
2026-01-02 18:53:01 Success.
2026-01-02 18:53:01 Latest version is 1.10.6
2026-01-02 18:53:01 App is up to date.
2026-01-02 19:53:00 Checking for update using Github
2026-01-02 19:53:00 Success.
2026-01-02 19:53:00 Latest version is 1.10.6
2026-01-02 19:53:00 App is up to date.
2026-01-03 10:50:21 Loading main app package /usr/lib/obsidian/obsidian.asar
2026-01-03 10:50:21 Checking for update using Github
2026-01-03 11:04:00 Checking for update using Github
2026-01-03 11:04:00 Success.
2026-01-03 11:04:00 Latest version is 1.10.6
2026-01-03 11:04:00 App is up to date.
2026-01-03 12:04:00 Checking for update using Github
2026-01-03 12:04:01 Success.
2026-01-03 12:04:01 Latest version is 1.10.6
2026-01-03 12:04:01 App is up to date.
2026-01-03 13:04:00 Checking for update using Github
2026-01-03 13:04:01 Success.
2026-01-03 13:04:01 Latest version is 1.10.6
2026-01-03 13:04:01 App is up to date.
2026-01-03 13:08:25 Loading main app package /usr/lib/obsidian/obsidian.asar
2026-01-03 13:08:25 Checking for update using Github
2026-01-03 13:08:25 Success.
2026-01-03 13:08:25 Latest version is 1.10.6
2026-01-03 13:08:25 App is up to date.
2026-01-03 13:09:31 Loading main app package /usr/lib/obsidian/obsidian.asar
2026-01-03 13:09:32 Checking for update using Github
2026-01-03 13:09:32 Success.
2026-01-03 13:09:32 Latest version is 1.10.6
2026-01-03 13:09:32 App is up to date.
2026-01-03 13:13:47 Loading main app package /usr/lib/obsidian/obsidian.asar
2026-01-03 13:13:48 Checking for update using Github
2026-01-03 13:13:48 Success.
2026-01-03 13:13:48 Latest version is 1.10.6
2026-01-03 13:13:48 App is up to date.
2026-01-08 15:51:34 Loading main app package /usr/lib/obsidian/obsidian.asar
2026-01-08 15:51:34 Checking for update using Github
2026-01-08 15:51:34 Success.
2026-01-08 15:51:34 Latest version is 1.10.6
2026-01-08 15:51:34 App is up to date.
2026-01-12 23:09:21 Loading main app package /usr/lib/obsidian/obsidian.asar
2026-01-12 23:09:21 Checking for update using Github
2026-01-12 23:09:22 Success.
2026-01-12 23:09:22 Latest version is 1.11.4
2026-01-12 23:09:22 Downloading update from https://github.com/obsidianmd/obsidian-releases/releases/download/v1.11.4/obsidian-1.11.4.asar.gz
2026-01-12 23:09:25 Verifying hash & signature. Size= 8769455
2026-01-12 23:09:25 Saving file
2026-01-12 23:09:25 Update complete.
2026-01-13 14:41:34 Checking for update using Github
2026-01-13 14:41:34 Failed to check for update using Github (net::ERR_INTERNET_DISCONNECTED)
2026-01-13 14:41:34 Checking for update using obsidian.md
2026-01-13 14:41:34 Failed to check for update using obsidian.md (net::ERR_INTERNET_DISCONNECTED)
2026-01-30 06:06:14 Loading main app package /usr/lib/obsidian/obsidian.asar
2026-01-30 06:06:14 Checking for update using Github
2026-01-30 06:06:15 Success.
2026-01-30 06:06:15 Latest version is 1.11.5
2026-01-30 06:06:15 App is up to date.
2026-01-30 07:36:48 Loading main app package /usr/lib/obsidian/obsidian.asar
2026-01-30 07:36:48 Checking for update using Github
2026-01-30 07:36:48 Success.
2026-01-30 07:36:48 Latest version is 1.11.5
2026-01-30 07:36:48 App is up to date.
2026-01-30 09:28:59 Checking for update using Github
2026-01-30 09:28:59 Success.
2026-01-30 09:28:59 Latest version is 1.11.5
2026-01-30 09:28:59 App is up to date.
2026-02-01 16:28:10 Loading main app package /usr/lib/obsidian/obsidian.asar
2026-02-01 16:28:10 Checking for update using Github
2026-02-01 16:28:10 Success.
2026-02-01 16:28:10 Latest version is 1.11.5
2026-02-01 16:28:10 App is up to date.
2026-02-01 17:28:10 Checking for update using Github
2026-02-01 17:28:10 Success.
2026-02-01 17:28:10 Latest version is 1.11.5
2026-02-01 17:28:10 App is up to date.
2026-02-01 18:28:10 Checking for update using Github
2026-02-01 18:28:10 Success.
2026-02-01 18:28:10 Latest version is 1.11.5
2026-02-01 18:28:10 App is up to date.
2026-02-01 19:28:10 Checking for update using Github
2026-02-01 19:28:10 Success.
2026-02-01 19:28:10 Latest version is 1.11.5
2026-02-01 19:28:10 App is up to date.
2026-02-01 20:28:10 Checking for update using Github
2026-02-01 20:28:10 Success.
2026-02-01 20:28:10 Latest version is 1.11.5
2026-02-01 20:28:10 App is up to date.
2026-02-02 15:34:53 Checking for update using Github
2026-02-02 15:34:53 Success.
2026-02-02 15:34:53 Latest version is 1.11.5
2026-02-02 15:34:53 App is up to date.
2026-02-02 16:34:54 Checking for update using Github
2026-02-02 16:34:54 Success.
2026-02-02 16:34:54 Latest version is 1.11.5
2026-02-02 16:34:54 App is up to date.
2026-02-02 17:34:54 Checking for update using Github
2026-02-02 17:34:54 Success.
2026-02-02 17:34:54 Latest version is 1.11.5
2026-02-02 17:34:54 App is up to date.
2026-02-03 15:00:26 Checking for update using Github
2026-02-03 15:00:26 Success.
2026-02-03 15:00:26 Latest version is 1.11.5
2026-02-03 15:00:26 App is up to date.
2026-02-03 16:00:26 Checking for update using Github
2026-02-03 16:00:26 Success.
2026-02-03 16:00:26 Latest version is 1.11.5
2026-02-03 16:00:26 App is up to date.
2026-02-03 17:00:26 Checking for update using Github
2026-02-03 17:00:26 Success.
2026-02-03 17:00:26 Latest version is 1.11.5
2026-02-03 17:00:26 App is up to date.
2026-02-03 18:00:26 Checking for update using Github
2026-02-03 18:00:26 Success.
2026-02-03 18:00:26 Latest version is 1.11.5
2026-02-03 18:00:26 App is up to date.
2026-02-06 19:31:44 Loading main app package /usr/lib/obsidian/obsidian.asar
2026-02-06 19:31:44 Checking for update using Github
2026-02-06 19:31:45 Success.
2026-02-06 19:31:45 Latest version is 1.11.7
2026-02-06 19:31:45 Downloading update from https://github.com/obsidianmd/obsidian-releases/releases/download/v1.11.7/obsidian-1.11.7.asar.gz
2026-02-06 19:31:47 Verifying hash & signature. Size= 8773752
2026-02-06 19:31:47 Saving file
2026-02-06 19:31:47 Update complete.
2026-02-07 16:20:41 Checking for update using Github
2026-02-07 16:20:41 Success.
2026-02-07 16:20:41 Latest version is 1.11.7
2026-02-07 16:20:41 An update is already downloaded.
2026-02-07 17:20:41 Checking for update using Github
2026-02-07 17:20:41 Success.
2026-02-07 17:20:41 Latest version is 1.11.7
2026-02-07 17:20:41 An update is already downloaded.
2026-02-07 18:20:42 Checking for update using Github
2026-02-07 18:20:42 Success.
2026-02-07 18:20:42 Latest version is 1.11.7
2026-02-07 18:20:42 An update is already downloaded.
2026-02-07 19:20:42 Checking for update using Github
2026-02-07 19:20:42 Success.
2026-02-07 19:20:42 Latest version is 1.11.7
2026-02-07 19:20:42 An update is already downloaded.
2026-02-08 12:11:59 Checking for update using Github
2026-02-08 12:11:59 Success.
2026-02-08 12:11:59 Latest version is 1.11.7
2026-02-08 12:11:59 An update is already downloaded.
2026-02-08 13:11:59 Checking for update using Github
2026-02-08 13:11:59 Success.
2026-02-08 13:11:59 Latest version is 1.11.7
2026-02-08 13:11:59 An update is already downloaded.
2026-02-08 14:11:59 Checking for update using Github
2026-02-08 14:11:59 Success.
2026-02-08 14:11:59 Latest version is 1.11.7
2026-02-08 14:11:59 An update is already downloaded.
2026-02-08 15:11:59 Checking for update using Github
2026-02-08 15:11:59 Success.
2026-02-08 15:11:59 Latest version is 1.11.7
2026-02-08 15:11:59 An update is already downloaded.
2026-02-08 16:11:59 Checking for update using Github
2026-02-08 16:11:59 Success.
2026-02-08 16:11:59 Latest version is 1.11.7
2026-02-08 16:11:59 An update is already downloaded.
2026-02-08 17:11:59 Checking for update using Github
2026-02-08 17:12:00 Success.
2026-02-08 17:12:00 Latest version is 1.11.7
2026-02-08 17:12:00 An update is already downloaded.
2026-02-08 18:12:00 Checking for update using Github
2026-02-08 18:12:00 Success.
2026-02-08 18:12:00 Latest version is 1.11.7
2026-02-08 18:12:00 An update is already downloaded.
2026-02-08 19:12:00 Checking for update using Github
2026-02-08 19:12:00 Success.
2026-02-08 19:12:00 Latest version is 1.11.7
2026-02-08 19:12:00 An update is already downloaded.
2026-02-09 06:09:03 Loading updated app package /home/kits/.config/obsidian/obsidian-1.11.7.asar
2026-02-09 06:09:03 Checking for update using Github
2026-02-09 06:09:03 Failed to check for update using Github (net::ERR_INTERNET_DISCONNECTED)
2026-02-09 06:09:03 Checking for update using obsidian.md
2026-02-09 06:09:03 Failed to check for update using obsidian.md (net::ERR_INTERNET_DISCONNECTED)
2026-02-18 20:51:44 Loaded main app package /usr/lib/obsidian/obsidian.asar
2026-02-18 20:51:44 Checking for update using Github
2026-02-18 20:51:44 Success.
2026-02-18 20:51:44 Latest version is 1.11.7
2026-02-18 20:51:44 App is up to date.
2026-02-19 17:24:44 Checking for update using Github
2026-02-19 17:24:44 Success.
2026-02-19 17:24:44 Latest version is 1.11.7
2026-02-19 17:24:44 App is up to date.
2026-02-19 18:24:44 Checking for update using Github
2026-02-19 18:24:44 Success.
2026-02-19 18:24:44 Latest version is 1.11.7
2026-02-19 18:24:44 App is up to date.
2026-02-19 19:24:44 Checking for update using Github
2026-02-19 19:24:44 Success.
2026-02-19 19:24:44 Latest version is 1.11.7
2026-02-19 19:24:44 App is up to date.
2026-02-19 20:24:44 Checking for update using Github
2026-02-19 20:24:44 Success.
2026-02-19 20:24:44 Latest version is 1.11.7
2026-02-19 20:24:44 App is up to date.
2026-02-19 21:24:44 Checking for update using Github
2026-02-19 21:24:44 Success.
2026-02-19 21:24:44 Latest version is 1.11.7
2026-02-19 21:24:44 App is up to date.
2026-02-20 14:42:58 Checking for update using Github
2026-02-20 14:42:58 Success.
2026-02-20 14:42:58 Latest version is 1.11.7
2026-02-20 14:42:58 App is up to date.
2026-02-20 15:42:58 Checking for update using Github
2026-02-20 15:42:58 Success.
2026-02-20 15:42:58 Latest version is 1.11.7
2026-02-20 15:42:58 App is up to date.
2026-02-20 16:42:58 Checking for update using Github
2026-02-20 16:42:58 Success.
2026-02-20 16:42:58 Latest version is 1.11.7
2026-02-20 16:42:58 App is up to date.
2026-02-20 17:42:58 Checking for update using Github
2026-02-20 17:42:58 Success.
2026-02-20 17:42:58 Latest version is 1.11.7
2026-02-20 17:42:58 App is up to date.
2026-02-20 18:42:58 Checking for update using Github
2026-02-20 18:42:58 Success.
2026-02-20 18:42:58 Latest version is 1.11.7
2026-02-20 18:42:58 App is up to date.
2026-02-20 19:42:58 Checking for update using Github
2026-02-20 19:42:58 Success.
2026-02-20 19:42:58 Latest version is 1.11.7
2026-02-20 19:42:58 App is up to date.
2026-02-20 20:42:58 Checking for update using Github
2026-02-20 20:42:58 Success.
2026-02-20 20:42:58 Latest version is 1.11.7
2026-02-20 20:42:58 App is up to date.
2026-02-20 21:42:58 Checking for update using Github
2026-02-20 21:42:58 Success.
2026-02-20 21:42:58 Latest version is 1.11.7
2026-02-20 21:42:58 App is up to date.
2026-02-21 10:30:32 Checking for update using Github
2026-02-21 10:30:32 Success.
2026-02-21 10:30:32 Latest version is 1.11.7
2026-02-21 10:30:32 App is up to date.
2026-02-21 11:30:32 Checking for update using Github
2026-02-21 11:30:32 Success.
2026-02-21 11:30:32 Latest version is 1.11.7
2026-02-21 11:30:32 App is up to date.
2026-02-21 12:30:32 Checking for update using Github
2026-02-21 12:30:32 Success.
2026-02-21 12:30:32 Latest version is 1.11.7
2026-02-21 12:30:32 App is up to date.
2026-02-21 13:30:32 Checking for update using Github
2026-02-21 13:30:32 Success.
2026-02-21 13:30:32 Latest version is 1.11.7
2026-02-21 13:30:32 App is up to date.
2026-02-21 14:30:32 Checking for update using Github
2026-02-21 14:30:32 Success.
2026-02-21 14:30:32 Latest version is 1.11.7
2026-02-21 14:30:32 App is up to date.
2026-02-21 15:30:32 Checking for update using Github
2026-02-21 15:30:32 Success.
2026-02-21 15:30:32 Latest version is 1.11.7
2026-02-21 15:30:32 App is up to date.
2026-02-21 16:30:32 Checking for update using Github
2026-02-21 16:30:32 Success.
2026-02-21 16:30:32 Latest version is 1.11.7
2026-02-21 16:30:32 App is up to date.
2026-02-21 17:30:32 Checking for update using Github
2026-02-21 17:30:32 Success.
2026-02-21 17:30:32 Latest version is 1.11.7
2026-02-21 17:30:32 App is up to date.
2026-02-21 18:30:32 Checking for update using Github
2026-02-21 18:30:32 Success.
2026-02-21 18:30:32 Latest version is 1.11.7
2026-02-21 18:30:32 App is up to date.
2026-02-21 19:30:32 Checking for update using Github
2026-02-21 19:30:32 Success.
2026-02-21 19:30:32 Latest version is 1.11.7
2026-02-21 19:30:32 App is up to date.
2026-02-23 13:01:20 Checking for update using Github
2026-02-23 13:01:20 Success.
2026-02-23 13:01:20 Latest version is 1.11.7
2026-02-23 13:01:20 App is up to date.
2026-02-23 14:01:20 Checking for update using Github
2026-02-23 14:01:20 Success.
2026-02-23 14:01:20 Latest version is 1.11.7
2026-02-23 14:01:20 App is up to date.
2026-02-23 15:01:20 Checking for update using Github
2026-02-23 15:01:20 Success.
2026-02-23 15:01:20 Latest version is 1.11.7
2026-02-23 15:01:20 App is up to date.
2026-02-23 16:01:20 Checking for update using Github
2026-02-23 16:01:20 Success.
2026-02-23 16:01:20 Latest version is 1.11.7
2026-02-23 16:01:20 App is up to date.
2026-02-23 17:01:20 Checking for update using Github
2026-02-23 17:01:20 Success.
2026-02-23 17:01:20 Latest version is 1.11.7
2026-02-23 17:01:20 App is up to date.
2026-02-23 18:01:20 Checking for update using Github
2026-02-23 18:01:21 Success.
2026-02-23 18:01:21 Latest version is 1.11.7
2026-02-23 18:01:21 App is up to date.
2026-02-23 19:01:21 Checking for update using Github
2026-02-23 19:01:21 Success.
2026-02-23 19:01:21 Latest version is 1.11.7
2026-02-23 19:01:21 App is up to date.
2026-03-01 21:14:30 Loaded main app package /usr/lib/obsidian/obsidian.asar
2026-03-01 21:14:30 Checking for update using Github
2026-03-01 21:14:31 Success.
2026-03-01 21:14:31 Latest version is 1.12.4
2026-03-01 21:14:31 Downloading update from https://github.com/obsidianmd/obsidian-releases/releases/download/v1.12.4/obsidian-1.12.4.asar.gz
2026-03-01 21:14:33 Verifying hash & signature. Size= 8322418
2026-03-01 21:14:33 Saving file
2026-03-01 21:14:33 Update complete.
